Bitamins2/asldemo/build/outputs/logs/manifest-merger-debug-report.txt
-- Merging decision tree log ---
manifest
ADDED from src\main\AndroidManifest.xml:2:1-25:12
	package
		ADDED from src\main\AndroidManifest.xml:3:7-36
		INJECTED from src\main\AndroidManifest.xml
		INJECTED from src\main\AndroidManifest.xml
	android:versionName
		ADDED from src\main\AndroidManifest.xml:5:7-32
		INJECTED from src\main\AndroidManifest.xml
		INJECTED from src\main\AndroidManifest.xml
	android:versionCode
		ADDED from src\main\AndroidManifest.xml:4:7-30
		INJECTED from src\main\AndroidManifest.xml
		INJECTED from src\main\AndroidManifest.xml
	xmlns:android
		ADDED from src\main\AndroidManifest.xml:2:11-69
uses-permission#android.permission.INTERNET
ADDED from src\main\AndroidManifest.xml:6:5-66
	android:name
		ADDED from src\main\AndroidManifest.xml:6:22-64
uses-permission#android.permission.WRITE_EXTERNAL_STORAGE
ADDED from src\main\AndroidManifest.xml:7:5-80
	android:name
		ADDED from src\main\AndroidManifest.xml:7:22-78
application
ADDED from src\main\AndroidManifest.xml:8:5-22:15
	android:label
		ADDED from src\main\AndroidManifest.xml:8:48-80
	android:debuggable
		ADDED from src\main\AndroidManifest.xml:8:81-106
	android:icon
		ADDED from src\main\AndroidManifest.xml:8:18-47
activity#pl.polidea.asl.demo.ScreenshotDemo
ADDED from src\main\AndroidManifest.xml:9:9-15:20
	android:label
		ADDED from src\main\AndroidManifest.xml:10:19-51
	android:name
		ADDED from src\main\AndroidManifest.xml:9:19-49
intent-filter#android.intent.action.MAIN+android.intent.category.LAUNCHER
ADDED from src\main\AndroidManifest.xml:11:13-14:29
action#android.intent.action.MAIN
ADDED from src\main\AndroidManifest.xml:12:17-69
	android:name
		ADDED from src\main\AndroidManifest.xml:12:25-66
category#android.intent.category.LAUNCHER
ADDED from src\main\AndroidManifest.xml:13:17-77
	android:name
		ADDED from src\main\AndroidManifest.xml:13:27-74
service#pl.polidea.asl.ScreenshotService
ADDED from src\main\AndroidManifest.xml:16:9-21:13
	android:name
		ADDED from src\main\AndroidManifest.xml:16:18-65
intent-filter#android.intent.category.DEFAULT+pl.polidea.asl.ScreenshotService.BIND
ADDED from src\main\AndroidManifest.xml:17:4-20:20
action#pl.polidea.asl.ScreenshotService.BIND
ADDED from src\main\AndroidManifest.xml:18:5-68
	android:name
		ADDED from src\main\AndroidManifest.xml:18:13-65
category#android.intent.category.DEFAULT
ADDED from src\main\AndroidManifest.xml:19:5-63
	android:name
		ADDED from src\main\AndroidManifest.xml:19:15-61